2016-07-11 01:07:12:247:检测到卡槽内有卡...
2016-07-11 01:07:25:636:IC读头切换到卡槽内...
2016-07-11 01:07:29:058:检测卡类型成功：0
2016-07-11 01:08:07:227:读其余卡（或磁条）失败.
2016-07-11 01:08:19:785:检测到卡槽内有卡...
2016-07-11 01:08:24:366:IC读头切换到卡槽内...
2016-07-11 01:08:25:708:检测卡类型成功：0
2016-07-11 01:08:41:787:读其余卡（或磁条）失败.
2016-07-11 01:12:14:733:检测到卡槽内有卡...
2016-07-11 01:12:14:826:IC读头切换到卡槽内...
2016-07-11 01:12:16:218:检测卡类型成功：0
2016-07-11 01:14:25:070:检测到卡槽内有卡...
2016-07-11 01:14:25:162:IC读头切换到卡槽内...
2016-07-11 01:14:26:527:检测卡类型成功：0
2016-07-11 01:14:32:926:读其余卡（或磁条）成功，但数据为空.
2016-07-11 01:14:54:254:检测到卡槽内有卡...
2016-07-11 01:14:54:344:IC读头切换到卡槽内...
2016-07-11 01:14:55:684:检测卡类型成功：0
2016-07-11 01:16:49:923:检测到卡槽内有卡...
2016-07-11 01:16:53:193:IC读头切换到卡槽内...
2016-07-11 01:16:54:159:检测卡类型成功：0
2016-07-11 01:17:14:954:读其余卡（或磁条）成功，但数据为空.
2016-07-11 01:17:35:998:检测到卡槽内有卡...
2016-07-11 01:17:36:089:IC读头切换到卡槽内...
2016-07-11 01:17:37:053:检测卡类型成功：0
2016-07-11 01:17:51:356:读取医院院内卡成功：6222980020527513=10071200000000000273
2016-07-11 01:18:03:391:检测到卡槽内有卡...
2016-07-11 01:18:03:482:IC读头切换到卡槽内...
2016-07-11 01:18:04:443:检测卡类型成功：0
2016-07-11 01:18:04:639:读取医院院内卡成功：6222980020527513=10071200000000000273
2016-07-11 01:18:13:499:检测到卡槽内有卡...
2016-07-11 01:18:13:589:IC读头切换到卡槽内...
2016-07-11 01:18:14:553:检测卡类型成功：0
2016-07-11 01:18:14:712:读取医院院内卡成功：4392258781904307=200310119037856
2016-07-11 01:18:21:921:检测到卡槽内有卡...
2016-07-11 01:18:22:011:IC读头切换到卡槽内...
2016-07-11 01:18:22:141:检测卡类型成功：16
2016-07-11 01:18:22:198:读其余卡（或磁条）成功，但数据为空.
2016-07-11 01:18:27:841:检测到卡槽内有卡...
2016-07-11 01:18:27:931:IC读头切换到卡槽内...
2016-07-11 01:18:28:895:检测卡类型成功：0
2016-07-11 01:18:29:054:读取医院院内卡成功：4392258781904307=200310119037856
2016-07-11 01:18:39:034:检测到卡槽内有卡...
2016-07-11 01:18:39:125:IC读头切换到卡槽内...
2016-07-11 01:18:40:088:检测卡类型成功：0
2016-07-11 01:18:40:284:读取医院院内卡成功：6222980020527513=10071200000000000273
2016-07-11 01:21:27:698:检测到卡槽内有卡...
2016-07-11 01:21:27:799:IC读头切换到卡槽内...
2016-07-11 01:21:28:761:检测卡类型成功：0
2016-07-11 01:21:28:931:读取医院院内卡成功：4392258781904307=200310119037856
2016-07-11 01:21:35:022:检测到卡槽内有卡...
2016-07-11 01:21:35:112:IC读头切换到卡槽内...
2016-07-11 01:21:36:077:检测卡类型成功：0
2016-07-11 01:21:36:272:读取医院院内卡成功：6222980020527513=10071200000000000273
2016-07-11 01:21:41:809:检测到卡槽内有卡...
2016-07-11 01:21:41:899:IC读头切换到卡槽内...
2016-07-11 01:21:42:029:检测卡类型成功：16
2016-07-11 01:21:42:085:读其余卡（或磁条）成功，但数据为空.
2016-07-11 01:22:23:266:检测到卡槽内有卡...
2016-07-11 01:22:23:359:IC读头切换到卡槽内...
2016-07-11 01:22:24:321:检测卡类型成功：0
2016-07-11 01:22:24:417:读其余卡（或磁条）失败.
2016-07-11 01:22:39:377:检测到卡槽内有卡...
2016-07-11 01:22:39:467:IC读头切换到卡槽内...
2016-07-11 01:22:40:429:检测卡类型成功：0
2016-07-11 01:22:40:515:读其余卡（或磁条）失败.
2016-07-11 01:22:45:810:检测到卡槽内有卡...
2016-07-11 01:22:45:900:IC读头切换到卡槽内...
2016-07-11 01:22:46:865:检测卡类型成功：0
2016-07-11 01:22:46:945:读其余卡（或磁条）失败.
2016-07-11 01:23:33:633:检测到卡槽内有卡...
2016-07-11 01:23:33:726:IC读头切换到卡槽内...
2016-07-11 01:23:34:688:检测卡类型成功：0
2016-07-11 01:23:34:895:读取医院院内卡成功：6222980020527513=10071200000000000273
