2016-08-24 09:20:47:034:检测到卡槽内有卡...
2016-08-24 09:20:47:228:IC读头切换到卡槽内...
2016-08-24 09:20:51:293:检测卡类型成功：16
2016-08-24 09:20:53:850:M1 S50射频卡...
2016-08-24 09:20:54:746:尝试读取医院院内卡...
2016-08-24 09:21:07:784:检测到卡槽内有卡...
2016-08-24 09:21:07:976:IC读头切换到卡槽内...
2016-08-24 09:21:11:055:检测卡类型成功：16
2016-08-24 09:21:12:515:M1 S50射频卡...
2016-08-24 09:21:13:415:尝试读取医院院内卡...
2016-08-24 09:21:25:121:检测到卡槽内有卡...
2016-08-24 09:21:25:313:IC读头切换到卡槽内...
2016-08-24 09:21:28:989:检测卡类型成功：16
2016-08-24 09:21:29:745:M1 S50射频卡...
2016-08-24 09:21:30:536:尝试读取医院院内卡...
2016-08-24 09:21:42:779:检测到卡槽内有卡...
2016-08-24 09:21:42:971:IC读头切换到卡槽内...
2016-08-24 09:21:47:474:检测卡类型成功：0
2016-08-24 09:21:55:221:读其余卡（或磁条）成功，但数据为空.
2016-08-24 09:22:48:114:检测到卡槽内有卡...
2016-08-24 09:22:48:306:IC读头切换到卡槽内...
2016-08-24 09:22:51:210:检测卡类型成功：16
2016-08-24 09:22:51:987:M1 S50射频卡...
2016-08-24 09:22:53:400:尝试读取医院院内卡...
2016-08-24 09:23:10:490:检测到卡槽内有卡...
2016-08-24 09:23:10:682:IC读头切换到卡槽内...
2016-08-24 09:24:11:697:检测卡类型成功：16
2016-08-24 09:24:51:721:M1 S50射频卡...
2016-08-24 09:24:53:457:尝试读取医院院内卡...
2016-08-24 09:27:45:856:检测到卡槽内有卡...
2016-08-24 09:27:46:048:IC读头切换到卡槽内...
2016-08-24 09:27:57:517:检测卡类型成功：16
2016-08-24 09:28:09:694:M1 S50射频卡...
2016-08-24 09:28:13:638:尝试读取医院院内卡...
2016-08-24 09:28:47:532:检测到卡槽内有卡...
2016-08-24 09:28:47:724:IC读头切换到卡槽内...
2016-08-24 09:29:02:064:检测卡类型成功：0
2016-08-24 09:29:52:621:读其余卡（或磁条）成功，但数据为空.
2016-08-24 09:30:11:455:检测到卡槽内有卡...
2016-08-24 09:30:11:647:IC读头切换到卡槽内...
2016-08-24 09:30:32:678:检测卡类型成功：0
2016-08-24 09:31:01:995:读其余卡（或磁条）成功，但数据为空.
2016-08-24 09:48:36:761:检测到卡槽内有卡...
2016-08-24 09:48:39:663:IC读头切换到卡槽内...
2016-08-24 09:48:55:806:检测卡类型成功：0
2016-08-24 09:49:59:016:读取医院院内卡成功：0000818=00050857
2016-08-24 09:51:48:363:检测到卡槽内有卡...
2016-08-24 09:51:48:555:IC读头切换到卡槽内...
2016-08-24 09:52:23:654:检测卡类型成功：0
2016-08-24 09:54:15:224:读其余卡（或磁条）成功，但数据为空.
2016-08-24 09:56:47:277:检测到卡槽内有卡...
2016-08-24 09:56:50:569:IC读头切换到卡槽内...
2016-08-24 09:57:00:311:检测卡类型成功：0
