2016-08-23 09:19:58:940:检测到卡槽内有卡...
2016-08-23 09:22:51:329:IC读头切换到卡槽内...
2016-08-23 09:25:57:656:检测卡类型成功：0
2016-08-23 09:29:08:609:读取医院院内卡成功：0000818=00050857
2016-08-23 09:36:38:237:检测到卡槽内有卡...
2016-08-23 09:37:35:025:IC读头切换到卡槽内...
2016-08-23 09:38:36:049:检测卡类型成功：0
2016-08-23 09:40:15:976:读其余卡（或磁条）成功，但数据为空.
2016-08-23 10:07:16:623:检测到卡槽内有卡...
2016-08-23 10:08:21:539:IC读头切换到卡槽内...
2016-08-23 10:09:02:661:检测卡类型成功：0
2016-08-23 10:10:02:526:读取医院院内卡成功：0000818=00050857
2016-08-23 10:12:35:350:检测到卡槽内有卡...
2016-08-23 10:13:05:890:IC读头切换到卡槽内...
2016-08-23 10:13:33:477:检测卡类型成功：0
2016-08-23 10:14:42:715:读其余卡（或磁条）成功，但数据为空.
2016-08-23 11:21:21:139:检测到卡槽内有卡...
2016-08-23 11:23:08:667:IC读头切换到卡槽内...
2016-08-23 11:23:57:122:检测卡类型成功：0
2016-08-23 11:26:40:292:读取医院院内卡成功：0000818=00050857
2016-08-23 11:42:01:037:检测到卡槽内有卡...
2016-08-23 11:42:20:608:IC读头切换到卡槽内...
2016-08-23 11:42:31:921:检测卡类型成功：0
2016-08-23 11:42:52:339:读其余卡（或磁条）成功，但数据为空.
2016-08-23 13:25:32:805:检测到卡槽内有卡...
2016-08-23 13:26:01:770:IC读头切换到卡槽内...
2016-08-23 13:26:20:816:检测卡类型成功：0
2016-08-23 13:27:10:667:读取医院院内卡成功：0000006=00050006
2016-08-23 13:29:44:275:检测到卡槽内有卡...
2016-08-23 13:29:51:096:IC读头切换到卡槽内...
2016-08-23 13:30:11:719:检测卡类型成功：0
2016-08-23 13:34:19:751:读其余卡（或磁条）成功，但数据为空.
2016-08-23 14:03:29:979:检测到卡槽内有卡...
2016-08-23 14:03:36:420:IC读头切换到卡槽内...
2016-08-23 14:03:39:974:检测卡类型成功：0
2016-08-23 14:03:57:620:读其余卡（或磁条）失败.
2016-08-23 14:04:34:951:检测到卡槽内有卡...
2016-08-23 14:04:35:144:IC读头切换到卡槽内...
2016-08-23 14:04:37:410:检测卡类型成功：0
2016-08-23 14:04:39:787:读其余卡（或磁条）失败.
2016-08-23 14:04:53:198:检测到卡槽内有卡...
2016-08-23 14:04:53:390:IC读头切换到卡槽内...
2016-08-23 14:04:55:645:检测卡类型成功：0
2016-08-23 14:04:58:888:读其余卡（或磁条）失败.
2016-08-23 14:05:55:677:检测到卡槽内有卡...
2016-08-23 14:05:55:869:IC读头切换到卡槽内...
2016-08-23 14:05:58:124:检测卡类型成功：0
2016-08-23 14:06:07:708:读其余卡（或磁条）失败.
2016-08-23 14:06:51:666:检测到卡槽内有卡...
2016-08-23 14:06:51:859:IC读头切换到卡槽内...
2016-08-23 14:06:54:116:检测卡类型成功：0
2016-08-23 14:12:08:686:检测到卡槽内有卡...
2016-08-23 14:12:08:891:IC读头切换到卡槽内...
2016-08-23 14:12:11:336:检测卡类型成功：0
2016-08-23 14:12:28:610:读其余卡（或磁条）失败.
2016-08-23 14:26:33:675:检测到卡槽内有卡...
2016-08-23 14:26:33:871:IC读头切换到卡槽内...
2016-08-23 14:26:36:320:检测卡类型成功：0
2016-08-23 14:32:08:812:读取医院院内卡成功：0000006=00050006
2016-08-23 14:33:27:834:检测到卡槽内有卡...
2016-08-23 14:33:28:026:IC读头切换到卡槽内...
2016-08-23 14:33:30:281:检测卡类型成功：0
2016-08-23 14:34:58:234:读其余卡（或磁条）成功，但数据为空.
2016-08-23 14:35:36:378:检测到卡槽内有卡...
2016-08-23 14:35:36:570:IC读头切换到卡槽内...
2016-08-23 14:35:38:832:检测卡类型成功：0
2016-08-23 14:35:43:038:读其余卡（或磁条）成功，但数据为空.
2016-08-23 14:38:19:719:检测到卡槽内有卡...
2016-08-23 14:38:19:911:IC读头切换到卡槽内...
2016-08-23 14:38:22:166:检测卡类型成功：0
2016-08-23 14:38:25:584:读其余卡（或磁条）成功，但数据为空.
2016-08-23 14:38:38:144:检测到卡槽内有卡...
2016-08-23 14:38:38:329:检测到卡槽内有卡...
2016-08-23 14:38:38:346:IC读头切换到卡槽内...
2016-08-23 14:38:38:522:IC读头切换到卡槽内...
2016-08-23 14:38:40:600:检测卡类型成功：0
2016-08-23 14:38:45:450:检测卡类型成功：0
2016-08-23 14:38:45:453:读其余卡（或磁条）成功，但数据为空.
2016-08-23 14:38:49:927:读其余卡（或磁条）成功，但数据为空.
2016-08-23 14:38:57:243:检测到卡槽内有卡...
2016-08-23 14:38:57:428:检测到卡槽内有卡...
2016-08-23 14:38:57:445:IC读头切换到卡槽内...
2016-08-23 14:38:57:620:IC读头切换到卡槽内...
2016-08-23 14:38:59:698:检测卡类型成功：0
2016-08-23 17:12:36:312:检测到卡槽内有卡...
2016-08-23 17:12:36:515:IC读头切换到卡槽内...
2016-08-23 17:13:39:743:检测卡类型成功：0
2016-08-23 17:14:26:240:读其余卡（或磁条）成功，但数据为空.
2016-08-23 17:15:40:720:检测到卡槽内有卡...
2016-08-23 17:16:45:372:IC读头切换到卡槽内...
2016-08-23 17:17:28:599:检测卡类型成功：16
2016-08-23 17:18:00:373:M1 S50射频卡...
2016-08-23 17:19:24:977:尝试读取医院院内卡...
2016-08-23 17:25:29:865:检测到卡槽内有卡...
2016-08-23 17:25:30:082:IC读头切换到卡槽内...
2016-08-23 17:25:33:866:检测卡类型成功：16
2016-08-23 17:25:35:527:M1 S50射频卡...
2016-08-23 17:25:42:829:尝试读取医院院内卡...
