2016-08-22 14:57:02:022:检测到卡槽内有卡...
2016-08-22 14:57:02:117:IC读头切换到卡槽内...
2016-08-22 14:57:02:792:检测卡类型成功：16
2016-08-22 14:57:02:800:M1 S50射频卡...
2016-08-22 14:57:02:802:尝试读取医院院内卡...
2016-08-22 14:57:02:968:读取院内卡失败，不支持的M1卡.
2016-08-22 14:57:10:159:检测到卡槽内有卡...
2016-08-22 14:57:10:251:IC读头切换到卡槽内...
2016-08-22 14:57:11:756:检测卡类型成功：0
2016-08-22 14:57:11:820:读其余卡（或磁条）成功，但数据为空.
2016-08-22 14:57:15:087:检测到卡槽内有卡...
2016-08-22 14:57:15:180:IC读头切换到卡槽内...
2016-08-22 14:57:16:685:检测卡类型成功：0
2016-08-22 14:57:16:750:读其余卡（或磁条）成功，但数据为空.
2016-08-22 14:57:20:401:检测到卡槽内有卡...
2016-08-22 14:57:20:503:IC读头切换到卡槽内...
2016-08-22 14:57:22:006:检测卡类型成功：0
2016-08-22 14:57:22:071:读其余卡（或磁条）成功，但数据为空.
2016-08-22 14:57:28:148:检测到卡槽内有卡...
2016-08-22 14:57:28:240:IC读头切换到卡槽内...
2016-08-22 14:57:29:745:检测卡类型成功：0
2016-08-22 14:57:29:809:读其余卡（或磁条）成功，但数据为空.
2016-08-22 14:57:36:719:检测到卡槽内有卡...
2016-08-22 14:57:36:811:IC读头切换到卡槽内...
2016-08-22 14:57:38:316:检测卡类型成功：0
2016-08-22 14:57:38:381:读其余卡（或磁条）成功，但数据为空.
2016-08-22 14:57:43:302:检测到卡槽内有卡...
2016-08-22 14:57:43:393:IC读头切换到卡槽内...
2016-08-22 14:57:44:064:检测卡类型成功：16
2016-08-22 14:57:44:067:M1 S50射频卡...
2016-08-22 14:57:44:069:尝试读取医院院内卡...
2016-08-22 14:57:44:241:读取院内卡失败，不支持的M1卡.
2016-08-22 14:57:48:810:检测到卡槽内有卡...
2016-08-22 14:57:48:902:IC读头切换到卡槽内...
2016-08-22 14:57:49:568:检测卡类型成功：16
2016-08-22 14:57:49:572:M1 S50射频卡...
2016-08-22 14:57:49:574:尝试读取医院院内卡...
2016-08-22 14:57:49:729:读取院内卡失败，不支持的M1卡.
2016-08-22 14:57:54:198:检测到卡槽内有卡...
2016-08-22 14:57:54:300:IC读头切换到卡槽内...
2016-08-22 14:57:55:803:检测卡类型成功：0
2016-08-22 14:57:55:868:读其余卡（或磁条）成功，但数据为空.
2016-08-22 14:57:59:923:检测到卡槽内有卡...
2016-08-22 14:58:00:015:IC读头切换到卡槽内...
2016-08-22 14:58:00:686:检测卡类型成功：16
2016-08-22 14:58:00:690:M1 S50射频卡...
2016-08-22 14:58:00:692:尝试读取医院院内卡...
2016-08-22 14:58:00:863:读取院内卡失败，不支持的M1卡.
2016-08-22 14:58:05:074:检测到卡槽内有卡...
2016-08-22 14:58:05:166:IC读头切换到卡槽内...
2016-08-22 14:58:06:671:检测卡类型成功：0
2016-08-22 14:58:06:736:读其余卡（或磁条）成功，但数据为空.
2016-08-22 14:58:10:854:检测到卡槽内有卡...
2016-08-22 14:58:10:945:IC读头切换到卡槽内...
2016-08-22 14:58:11:617:检测卡类型成功：16
2016-08-22 14:58:11:621:M1 S50射频卡...
2016-08-22 14:58:11:623:尝试读取医院院内卡...
2016-08-22 14:58:11:789:读取院内卡失败，不支持的M1卡.
2016-08-22 14:58:15:465:检测到卡槽内有卡...
2016-08-22 14:58:15:557:IC读头切换到卡槽内...
2016-08-22 14:58:17:062:检测卡类型成功：0
2016-08-22 14:58:17:127:读其余卡（或磁条）成功，但数据为空.
2016-08-22 15:00:21:493:检测到卡槽内有卡...
2016-08-22 15:00:21:584:IC读头切换到卡槽内...
2016-08-22 15:00:22:250:检测卡类型成功：16
2016-08-22 15:00:22:255:M1 S50射频卡...
2016-08-22 15:00:22:257:尝试读取医院院内卡...
2016-08-22 15:00:22:428:读取院内卡失败，不支持的M1卡.
2016-08-22 15:00:24:904:检测到卡槽内有卡...
2016-08-22 15:00:24:996:IC读头切换到卡槽内...
2016-08-22 15:00:25:667:检测卡类型成功：16
2016-08-22 15:00:25:671:M1 S50射频卡...
2016-08-22 15:00:25:672:尝试读取医院院内卡...
2016-08-22 15:00:25:844:读取院内卡失败，不支持的M1卡.
2016-08-22 15:00:33:122:检测到卡槽内有卡...
2016-08-22 15:00:33:214:IC读头切换到卡槽内...
2016-08-22 15:00:33:375:检测卡类型成功：32
2016-08-22 15:00:33:379:ICCTYPE_T0_CPU 卡...
2016-08-22 15:00:33:381:切换到外部IO读IC...
2016-08-22 15:00:33:556:读医保卡失败...
2016-08-22 15:00:43:463:检测到卡槽内有卡...
2016-08-22 15:00:43:555:IC读头切换到卡槽内...
2016-08-22 15:00:45:780:检测卡类型成功：0
2016-08-22 15:00:45:833:读其余卡（或磁条）成功，但数据为空.
2016-08-22 15:05:06:464:检测到卡槽内有卡...
2016-08-22 15:05:06:567:IC读头切换到卡槽内...
2016-08-22 15:05:25:798:检测卡类型成功：16
2016-08-22 15:05:44:857:M1 S50射频卡...
2016-08-22 15:05:45:973:尝试读取医院院内卡...
2016-08-22 15:07:50:382:读取院内卡失败，不支持的M1卡.
2016-08-22 15:08:45:760:检测到卡槽内有卡...
2016-08-22 15:09:08:331:IC读头切换到卡槽内...
2016-08-22 15:10:23:054:检测卡类型成功：0
2016-08-22 15:17:29:733:读其余卡（或磁条）成功，但数据为空.
2016-08-22 15:25:50:919:检测到卡槽内有卡...
2016-08-22 15:25:51:014:IC读头切换到卡槽内...
2016-08-22 15:27:21:660:检测卡类型成功：0
2016-08-22 15:29:53:761:读取医院院内卡成功：0000818=00050857
2016-08-22 15:31:05:264:检测到卡槽内有卡...
2016-08-22 15:31:05:356:IC读头切换到卡槽内...
2016-08-22 15:31:22:289:检测卡类型成功：0
2016-08-22 15:31:38:600:读其余卡（或磁条）成功，但数据为空.
2016-08-22 15:32:17:497:检测到卡槽内有卡...
2016-08-22 15:32:17:589:IC读头切换到卡槽内...
2016-08-22 15:32:44:600:检测卡类型成功：0
2016-08-22 16:09:33:365:检测到卡槽内有卡...
2016-08-22 16:09:33:460:IC读头切换到卡槽内...
2016-08-22 16:09:57:880:检测卡类型成功：0
2016-08-22 16:10:10:977:读取医院院内卡成功：0000818=00050857
2016-08-22 16:11:17:806:检测到卡槽内有卡...
2016-08-22 16:11:17:899:IC读头切换到卡槽内...
2016-08-22 16:11:34:719:检测卡类型成功：0
2016-08-22 16:11:49:655:读其余卡（或磁条）成功，但数据为空.
2016-08-22 16:19:39:391:检测到卡槽内有卡...
2016-08-22 16:19:39:483:IC读头切换到卡槽内...
2016-08-22 16:20:16:463:检测卡类型成功：0
2016-08-22 16:20:49:138:读其余卡（或磁条）成功，但数据为空.
2016-08-22 16:22:27:122:检测到卡槽内有卡...
2016-08-22 16:22:27:218:IC读头切换到卡槽内...
2016-08-22 16:50:06:453:检测卡类型成功：0
2016-08-22 16:52:00:170:读取医院院内卡成功：0000818=00050857
2016-08-22 16:54:30:855:检测到卡槽内有卡...
2016-08-22 16:54:30:956:IC读头切换到卡槽内...
2016-08-22 16:55:18:838:检测卡类型成功：0
2016-08-22 16:58:48:946:读其余卡（或磁条）成功，但数据为空.
2016-08-22 17:19:51:325:IC读头切换到卡槽内...
2016-08-22 17:20:22:581:检测卡类型失败
2016-08-22 17:20:24:363:检测卡类型成功：0
2016-08-22 17:20:39:156:读其余卡（或磁条）成功，但数据为空.
2016-08-22 17:21:24:611:检测到卡槽内有卡...
2016-08-22 17:21:24:710:IC读头切换到卡槽内...
2016-08-22 17:22:22:826:检测卡类型成功：0
2016-08-22 17:29:24:077:读其余卡（或磁条）成功，但数据为空.
