2016-07-15 00:17:48:584:检测到卡槽内有卡...
2016-07-15 00:17:48:692:IC读头切换到卡槽内...
2016-07-15 00:17:49:359:检测卡类型成功：16
2016-07-15 00:17:49:367:M1 S50射频卡...
2016-07-15 00:17:49:368:尝试读取医院院内卡...
2016-07-15 00:17:49:548:读取院内卡失败，不支持的M1卡.
2016-07-15 00:18:14:144:检测到卡槽内有卡...
2016-07-15 00:18:14:238:IC读头切换到卡槽内...
2016-07-15 00:18:14:912:检测卡类型成功：16
2016-07-15 00:18:14:919:M1 S50射频卡...
2016-07-15 00:18:14:921:尝试读取医院院内卡...
2016-07-15 00:18:15:086:读取院内卡失败，不支持的M1卡.
2016-07-15 00:18:44:615:检测到卡槽内有卡...
2016-07-15 00:18:44:709:IC读头切换到卡槽内...
2016-07-15 00:18:45:377:检测卡类型成功：16
2016-07-15 00:18:45:384:M1 S50射频卡...
2016-07-15 00:18:45:386:尝试读取医院院内卡...
2016-07-15 00:37:52:703:检测到卡槽内有卡...
2016-07-15 00:37:52:805:IC读头切换到卡槽内...
2016-07-15 00:37:53:486:检测卡类型成功：16
2016-07-15 00:37:53:494:M1 S50射频卡...
2016-07-15 00:37:53:496:尝试读取医院院内卡...
2016-07-15 00:38:36:897:检测到卡槽内有卡...
2016-07-15 00:38:36:992:IC读头切换到卡槽内...
2016-07-15 00:38:37:664:检测卡类型成功：16
2016-07-15 00:38:37:666:M1 S50射频卡...
2016-07-15 00:38:37:667:尝试读取医院院内卡...
2016-07-15 00:39:03:288:检测到卡槽内有卡...
2016-07-15 00:39:03:390:IC读头切换到卡槽内...
2016-07-15 00:39:04:057:检测卡类型成功：16
2016-07-15 00:39:04:059:M1 S50射频卡...
2016-07-15 00:39:04:059:尝试读取医院院内卡...
2016-07-15 00:39:04:292:读取医院院内卡成功：2000055077
2016-07-15 00:39:09:445:检测到卡槽内有卡...
2016-07-15 00:39:09:537:IC读头切换到卡槽内...
2016-07-15 00:39:10:207:检测卡类型成功：16
2016-07-15 00:39:10:209:M1 S50射频卡...
2016-07-15 00:39:10:209:尝试读取医院院内卡...
2016-07-15 00:39:10:427:读取医院院内卡成功：2000055390
